SF:lib\domain\usecase\search_movies.dart
DA:9,1
DA:11,1
DA:12,2
LF:3
LH:3
end_of_record
SF:lib\domain\usecase\search_tv.dart
DA:12,1
DA:14,1
DA:15,2
LF:3
LH:3
end_of_record
SF:lib\presentation\bloc\movie\search_bloc.dart
DA:14,1
DA:15,3
DA:18,3
DA:19,2
DA:20,1
DA:21,2
DA:22,2
DA:24,1
DA:25,1
DA:26,3
DA:28,1
DA:29,2
DA:32,1
LF:13
LH:13
end_of_record
SF:lib\presentation\bloc\movie\search_state.dart
DA:5,2
DA:7,1
DA:8,1
DA:18,2
DA:20,1
DA:21,2
DA:27,1
DA:29,1
DA:30,2
LF:9
LH:9
end_of_record
SF:lib\presentation\bloc\movie\search_event.dart
DA:5,1
DA:7,0
DA:8,0
DA:14,1
DA:16,0
DA:17,0
LF:6
LH:2
end_of_record
SF:lib\presentation\bloc\tv\search_tv_event.dart
DA:5,1
DA:7,0
DA:8,0
DA:14,1
DA:16,0
DA:17,0
LF:6
LH:2
end_of_record
SF:lib\presentation\bloc\tv\search_tv_bloc.dart
DA:15,1
DA:16,3
DA:19,3
DA:20,2
DA:21,1
DA:22,2
DA:23,2
DA:24,1
DA:25,1
DA:26,3
DA:28,1
DA:29,2
DA:32,1
LF:13
LH:13
end_of_record
SF:lib\presentation\bloc\tv\search_tv_state.dart
DA:5,2
DA:7,1
DA:8,1
DA:18,2
DA:20,1
DA:21,2
DA:27,1
DA:29,1
DA:30,2
LF:9
LH:9
end_of_record
